[     136ms] [LOG] [Fast Refresh] rebuilding @ http://localhost:3000/_next/static/chunks/13hn_next_dist_09ryeuj._.js:2477
[     765ms] [LOG] [Fast Refresh] done in 729ms @ http://localhost:3000/_next/static/chunks/13hn_next_dist_09ryeuj._.js:2477
[    1197ms] [INFO] %cDownload the React DevTools for a better development experience: https://react.dev/link/react-devtools font-weight:bold @ http://localhost:3000/_next/static/chunks/13hn_next_dist_09ryeuj._.js:2477
[    1223ms] [LOG] [HMR] connected @ http://localhost:3000/_next/static/chunks/13hn_next_dist_09ryeuj._.js:2477
[   13115ms] [LOG] [Fast Refresh] rebuilding @ http://localhost:3000/_next/static/chunks/13hn_next_dist_09ryeuj._.js:2477
[   13369ms] [LOG] [Fast Refresh] done in 96ms @ http://localhost:3000/_next/static/chunks/13hn_next_dist_09ryeuj._.js:2477
[   13923ms] [LOG] [Fast Refresh] rebuilding @ http://localhost:3000/_next/static/chunks/13hn_next_dist_09ryeuj._.js:2477
[   13951ms] [LOG] [Fast Refresh] done in 128ms @ http://localhost:3000/_next/static/chunks/13hn_next_dist_09ryeuj._.js:2477
[   39045ms] [ERROR] WebSocket connection to 'ws://localhost:3000/_next/webpack-hmr?id=hD_TTa-uzLrXEwQscRV64' failed: Error in connection establishment: net::ERR_CONNECTION_REFUSED @ http://localhost:3000/_next/static/chunks/13hn_next_dist_client_020b-fg._.js:13322
[   40049ms] [ERROR] WebSocket connection to 'ws://localhost:3000/_next/webpack-hmr?id=hD_TTa-uzLrXEwQscRV64' failed: Error in connection establishment: net::ERR_CONNECTION_REFUSED @ http://localhost:3000/_next/static/chunks/13hn_next_dist_client_020b-fg._.js:13322
[   41052ms] [ERROR] WebSocket connection to 'ws://localhost:3000/_next/webpack-hmr?id=hD_TTa-uzLrXEwQscRV64' failed: Error in connection establishment: net::ERR_CONNECTION_REFUSED @ http://localhost:3000/_next/static/chunks/13hn_next_dist_client_020b-fg._.js:13322
[   42054ms] [ERROR] WebSocket connection to 'ws://localhost:3000/_next/webpack-hmr?id=hD_TTa-uzLrXEwQscRV64' failed: Error in connection establishment: net::ERR_CONNECTION_REFUSED @ http://localhost:3000/_next/static/chunks/13hn_next_dist_client_020b-fg._.js:13322
[   43056ms] [ERROR] WebSocket connection to 'ws://localhost:3000/_next/webpack-hmr?id=hD_TTa-uzLrXEwQscRV64' failed: Error in connection establishment: net::ERR_CONNECTION_REFUSED @ http://localhost:3000/_next/static/chunks/13hn_next_dist_client_020b-fg._.js:13322
[   48065ms] [LOG] [HMR] connected @ http://localhost:3000/_next/static/chunks/13hn_next_dist_09ryeuj._.js:2477
[   48753ms] [INFO] %cDownload the React DevTools for a better development experience: https://react.dev/link/react-devtools font-weight:bold @ http://localhost:3000/_next/static/chunks/13hn_next_dist_09ryeuj._.js:2477
[   48775ms] [LOG] [HMR] connected @ http://localhost:3000/_next/static/chunks/13hn_next_dist_09ryeuj._.js:2477
[   49351ms] [LOG] [Fast Refresh] rebuilding @ http://localhost:3000/_next/static/chunks/13hn_next_dist_09ryeuj._.js:2477
[   50270ms] [LOG] [Fast Refresh] done in 1020ms @ http://localhost:3000/_next/static/chunks/13hn_next_dist_09ryeuj._.js:2477
[  241161ms] [LOG] [Fast Refresh] rebuilding @ http://localhost:3000/_next/static/chunks/13hn_next_dist_09ryeuj._.js:2477
[  241417ms] [ERROR] Failed to load resource: the server responded with a status of 404 (Not Found) @ http://localhost:3000/chat?_rsc=hKfIzcwlWpjgmZyR:0
[  241457ms] [LOG] [Fast Refresh] done in 396ms @ http://localhost:3000/_next/static/chunks/13hn_next_dist_09ryeuj._.js:2477
[  241461ms] [ERROR] Failed to load resource: the server responded with a status of 404 (Not Found) @ http://localhost:3000/chat:0
[  241502ms] [INFO] %cDownload the React DevTools for a better development experience: https://react.dev/link/react-devtools font-weight:bold @ http://localhost:3000/_next/static/chunks/13hn_next_dist_09ryeuj._.js:2477
[  241516ms] [LOG] [HMR] connected @ http://localhost:3000/_next/static/chunks/13hn_next_dist_09ryeuj._.js:2477
[  243006ms] [INFO] %cDownload the React DevTools for a better development experience: https://react.dev/link/react-devtools font-weight:bold @ http://localhost:3000/_next/static/chunks/13hn_next_dist_09ryeuj._.js:2477
[  243040ms] [LOG] [HMR] connected @ http://localhost:3000/_next/static/chunks/13hn_next_dist_09ryeuj._.js:2477
[  245346ms] [INFO] %cDownload the React DevTools for a better development experience: https://react.dev/link/react-devtools font-weight:bold @ http://localhost:3000/_next/static/chunks/13hn_next_dist_09ryeuj._.js:2477
[  245366ms] [LOG] [HMR] connected @ http://localhost:3000/_next/static/chunks/13hn_next_dist_09ryeuj._.js:2477
[  246669ms] [LOG] [Fast Refresh] rebuilding @ http://localhost:3000/_next/static/chunks/13hn_next_dist_09ryeuj._.js:2477
[  247110ms] [LOG] [Fast Refresh] done in 540ms @ http://localhost:3000/_next/static/chunks/13hn_next_dist_09ryeuj._.js:2477
[  263444ms] [ERROR] Failed to load resource: the server responded with a status of 404 (Not Found) @ http://localhost:3000/chat?_rsc=2Md0sTUZcnjCijMr:0
[  263513ms] [ERROR] Failed to load resource: the server responded with a status of 404 (Not Found) @ http://localhost:3000/chat:0
[  263566ms] [INFO] %cDownload the React DevTools for a better development experience: https://react.dev/link/react-devtools font-weight:bold @ http://localhost:3000/_next/static/chunks/13hn_next_dist_09ryeuj._.js:2477
[  263575ms] [LOG] [HMR] connected @ http://localhost:3000/_next/static/chunks/13hn_next_dist_09ryeuj._.js:2477
[  265197ms] [INFO] %cDownload the React DevTools for a better development experience: https://react.dev/link/react-devtools font-weight:bold @ http://localhost:3000/_next/static/chunks/13hn_next_dist_09ryeuj._.js:2477
[  265213ms] [LOG] [HMR] connected @ http://localhost:3000/_next/static/chunks/13hn_next_dist_09ryeuj._.js:2477
